{"/Users/donavandaniels/quizzer_start/src/App.tsx": {"path":"/Users/donavandaniels/quizzer_start/src/App.tsx","statementMap":{"0":{"start":{"line":8,"column":34},"end":{"line":8,"column":57}},"1":{"start":{"line":10,"column":4},"end":{"line":26,"column":6}},"2":{"start":{"line":16,"column":24},"end":{"line":16,"column":45}}},"fnMap":{"0":{"name":"App","decl":{"start":{"line":7,"column":9},"end":{"line":7,"column":12}},"loc":{"start":{"line":7,"column":28},"end":{"line":27,"column":1}},"line":7},"1":{"name":"(anonymous_1)","decl":{"start":{"line":15,"column":29},"end":{"line":15,"column":30}},"loc":{"start":{"line":15,"column":35},"end":{"line":17,"column":21}},"line":15}},"branchMap":{"0":{"loc":{"start":{"line":19,"column":21},"end":{"line":19,"column":50}},"type":"cond-expr","locations":[{"start":{"line":19,"column":31},"end":{"line":19,"column":40}},{"start":{"line":19,"column":43},"end":{"line":19,"column":50}}],"line":19},"1":{"loc":{"start":{"line":22,"column":35},"end":{"line":22,"column":61}},"type":"cond-expr","locations":[{"start":{"line":22,"column":45},"end":{"line":22,"column":52}},{"start":{"line":22,"column":55},"end":{"line":22,"column":61}}],"line":22}},"s":{"0":2,"1":1,"2":0},"f":{"0":2,"1":0},"b":{"0":[1,0],"1":[1,0]},"_coverageSchema":"1a1c01bbd47fc00a2c39e90264f33305004495a9","hash":"2e334694d544ab397ff88749df115e942f7499f8"}
,"/Users/donavandaniels/quizzer_start/src/interfaces/question.ts": {"path":"/Users/donavandaniels/quizzer_start/src/interfaces/question.ts","statementMap":{},"fnMap":{},"branchMap":{},"s":{},"f":{},"b":{}}
,"/Users/donavandaniels/quizzer_start/src/interfaces/quiz.ts": {"path":"/Users/donavandaniels/quizzer_start/src/interfaces/quiz.ts","statementMap":{},"fnMap":{},"branchMap":{},"s":{},"f":{},"b":{}}
,"/Users/donavandaniels/quizzer_start/src/quizzer/AddQuizModal.tsx": {"path":"/Users/donavandaniels/quizzer_start/src/quizzer/AddQuizModal.tsx","statementMap":{"0":{"start":{"line":9,"column":28},"end":{"line":68,"column":1}},"1":{"start":{"line":14,"column":28},"end":{"line":14,"column":60}},"2":{"start":{"line":15,"column":26},"end":{"line":15,"column":65}},"3":{"start":{"line":17,"column":22},"end":{"line":22,"column":3}},"4":{"start":{"line":18,"column":4},"end":{"line":18,"column":25}},"5":{"start":{"line":19,"column":4},"end":{"line":19,"column":29}},"6":{"start":{"line":20,"column":4},"end":{"line":20,"column":35}},"7":{"start":{"line":21,"column":4},"end":{"line":21,"column":18}},"8":{"start":{"line":24,"column":2},"end":{"line":67,"column":4}},"9":{"start":{"line":36,"column":16},"end":{"line":36,"column":40}},"10":{"start":{"line":45,"column":16},"end":{"line":45,"column":40}},"11":{"start":{"line":54,"column":14},"end":{"line":54,"column":39}},"12":{"start":{"line":55,"column":14},"end":{"line":55,"column":45}},"13":{"start":{"line":56,"column":14},"end":{"line":56,"column":28}}},"fnMap":{"0":{"name":"(anonymous_0)","decl":{"start":{"line":9,"column":28},"end":{"line":9,"column":29}},"loc":{"start":{"line":13,"column":25},"end":{"line":68,"column":1}},"line":13},"1":{"name":"(anonymous_1)","decl":{"start":{"line":17,"column":22},"end":{"line":17,"column":23}},"loc":{"start":{"line":17,"column":28},"end":{"line":22,"column":3}},"line":17},"2":{"name":"(anonymous_2)","decl":{"start":{"line":35,"column":24},"end":{"line":35,"column":25}},"loc":{"start":{"line":36,"column":16},"end":{"line":36,"column":40}},"line":36},"3":{"name":"(anonymous_3)","decl":{"start":{"line":44,"column":24},"end":{"line":44,"column":25}},"loc":{"start":{"line":45,"column":16},"end":{"line":45,"column":40}},"line":45},"4":{"name":"(anonymous_4)","decl":{"start":{"line":53,"column":21},"end":{"line":53,"column":22}},"loc":{"start":{"line":53,"column":27},"end":{"line":57,"column":13}},"line":53}},"branchMap":{},"s":{"0":2,"1":32,"2":32,"3":32,"4":1,"5":1,"6":1,"7":1,"8":32,"9":0,"10":0,"11":0,"12":0,"13":0},"f":{"0":32,"1":1,"2":0,"3":0,"4":0},"b":{},"_coverageSchema":"1a1c01bbd47fc00a2c39e90264f33305004495a9","hash":"2a3eeec9f11e32929990faaa294071897653cfc0"}
,"/Users/donavandaniels/quizzer_start/src/quizzer/QuestionEdit.tsx": {"path":"/Users/donavandaniels/quizzer_start/src/quizzer/QuestionEdit.tsx","statementMap":{"0":{"start":{"line":15,"column":28},"end":{"line":232,"column":1}},"1":{"start":{"line":23,"column":17},"end":{"line":25,"column":3}},"2":{"start":{"line":24,"column":46},"end":{"line":24,"column":69}},"3":{"start":{"line":27,"column":27},"end":{"line":36,"column":3}},"4":{"start":{"line":28,"column":4},"end":{"line":28,"column":9}},"5":{"start":{"line":29,"column":19},"end":{"line":29,"column":78}},"6":{"start":{"line":30,"column":4},"end":{"line":35,"column":7}},"7":{"start":{"line":38,"column":22},"end":{"line":46,"column":3}},"8":{"start":{"line":39,"column":4},"end":{"line":39,"column":9}},"9":{"start":{"line":40,"column":4},"end":{"line":45,"column":7}},"10":{"start":{"line":48,"column":23},"end":{"line":51,"column":3}},"11":{"start":{"line":49,"column":4},"end":{"line":49,"column":47}},"12":{"start":{"line":50,"column":4},"end":{"line":50,"column":40}},"13":{"start":{"line":53,"column":29},"end":{"line":64,"column":3}},"14":{"start":{"line":57,"column":23},"end":{"line":57,"column":44}},"15":{"start":{"line":58,"column":4},"end":{"line":58,"column":44}},"16":{"start":{"line":59,"column":4},"end":{"line":63,"column":7}},"17":{"start":{"line":66,"column":28},"end":{"line":73,"column":3}},"18":{"start":{"line":67,"column":16},"end":{"line":67,"column":40}},"19":{"start":{"line":68,"column":4},"end":{"line":68,"column":11}},"20":{"start":{"line":69,"column":4},"end":{"line":72,"column":7}},"21":{"start":{"line":75,"column":2},"end":{"line":231,"column":4}},"22":{"start":{"line":87,"column":18},"end":{"line":90,"column":21}},"23":{"start":{"line":114,"column":34},"end":{"line":114,"column":47}},"24":{"start":{"line":151,"column":22},"end":{"line":154,"column":25}},"25":{"start":{"line":163,"column":20},"end":{"line":178,"column":26}},"26":{"start":{"line":175,"column":26},"end":{"line":175,"column":51}},"27":{"start":{"line":189,"column":16},"end":{"line":189,"column":47}},"28":{"start":{"line":198,"column":16},"end":{"line":198,"column":47}},"29":{"start":{"line":214,"column":14},"end":{"line":217,"column":17}},"30":{"start":{"line":223,"column":14},"end":{"line":223,"column":42}}},"fnMap":{"0":{"name":"(anonymous_0)","decl":{"start":{"line":15,"column":28},"end":{"line":15,"column":29}},"loc":{"start":{"line":22,"column":29},"end":{"line":232,"column":1}},"line":22},"1":{"name":"(anonymous_1)","decl":{"start":{"line":24,"column":31},"end":{"line":24,"column":32}},"loc":{"start":{"line":24,"column":46},"end":{"line":24,"column":69}},"line":24},"2":{"name":"(anonymous_2)","decl":{"start":{"line":27,"column":27},"end":{"line":27,"column":28}},"loc":{"start":{"line":27,"column":71},"end":{"line":36,"column":3}},"line":27},"3":{"name":"(anonymous_3)","decl":{"start":{"line":38,"column":22},"end":{"line":38,"column":23}},"loc":{"start":{"line":38,"column":28},"end":{"line":46,"column":3}},"line":38},"4":{"name":"(anonymous_4)","decl":{"start":{"line":48,"column":23},"end":{"line":48,"column":24}},"loc":{"start":{"line":48,"column":67},"end":{"line":51,"column":3}},"line":48},"5":{"name":"(anonymous_5)","decl":{"start":{"line":53,"column":29},"end":{"line":53,"column":30}},"loc":{"start":{"line":56,"column":7},"end":{"line":64,"column":3}},"line":56},"6":{"name":"(anonymous_6)","decl":{"start":{"line":66,"column":28},"end":{"line":66,"column":29}},"loc":{"start":{"line":66,"column":72},"end":{"line":73,"column":3}},"line":66},"7":{"name":"(anonymous_7)","decl":{"start":{"line":86,"column":26},"end":{"line":86,"column":27}},"loc":{"start":{"line":86,"column":70},"end":{"line":91,"column":17}},"line":86},"8":{"name":"(anonymous_8)","decl":{"start":{"line":114,"column":28},"end":{"line":114,"column":29}},"loc":{"start":{"line":114,"column":34},"end":{"line":114,"column":47}},"line":114},"9":{"name":"(anonymous_9)","decl":{"start":{"line":150,"column":30},"end":{"line":150,"column":31}},"loc":{"start":{"line":150,"column":74},"end":{"line":155,"column":21}},"line":150},"10":{"name":"(anonymous_10)","decl":{"start":{"line":162,"column":40},"end":{"line":162,"column":41}},"loc":{"start":{"line":163,"column":20},"end":{"line":178,"column":26}},"line":163},"11":{"name":"(anonymous_11)","decl":{"start":{"line":174,"column":34},"end":{"line":174,"column":35}},"loc":{"start":{"line":174,"column":78},"end":{"line":176,"column":25}},"line":174},"12":{"name":"(anonymous_12)","decl":{"start":{"line":188,"column":23},"end":{"line":188,"column":24}},"loc":{"start":{"line":188,"column":29},"end":{"line":190,"column":15}},"line":188},"13":{"name":"(anonymous_13)","decl":{"start":{"line":197,"column":23},"end":{"line":197,"column":24}},"loc":{"start":{"line":197,"column":29},"end":{"line":199,"column":15}},"line":197},"14":{"name":"(anonymous_14)","decl":{"start":{"line":213,"column":22},"end":{"line":213,"column":23}},"loc":{"start":{"line":213,"column":66},"end":{"line":218,"column":13}},"line":213},"15":{"name":"(anonymous_15)","decl":{"start":{"line":222,"column":21},"end":{"line":222,"column":22}},"loc":{"start":{"line":222,"column":27},"end":{"line":224,"column":13}},"line":222}},"branchMap":{"0":{"loc":{"start":{"line":29,"column":19},"end":{"line":29,"column":78}},"type":"cond-expr","locations":[{"start":{"line":29,"column":50},"end":{"line":29,"column":51}},{"start":{"line":29,"column":54},"end":{"line":29,"column":78}}],"line":29},"1":{"loc":{"start":{"line":62,"column":16},"end":{"line":62,"column":60}},"type":"cond-expr","locations":[{"start":{"line":62,"column":26},"end":{"line":62,"column":40}},{"start":{"line":62,"column":43},"end":{"line":62,"column":60}}],"line":62},"2":{"loc":{"start":{"line":103,"column":19},"end":{"line":103,"column":51}},"type":"cond-expr","locations":[{"start":{"line":103,"column":43},"end":{"line":103,"column":46}},{"start":{"line":103,"column":49},"end":{"line":103,"column":51}}],"line":103},"3":{"loc":{"start":{"line":130,"column":15},"end":{"line":142,"column":15}},"type":"binary-expr","locations":[{"start":{"line":130,"column":15},"end":{"line":130,"column":59}},{"start":{"line":131,"column":16},"end":{"line":141,"column":19}}],"line":130},"4":{"loc":{"start":{"line":145,"column":15},"end":{"line":158,"column":15}},"type":"binary-expr","locations":[{"start":{"line":145,"column":15},"end":{"line":145,"column":56}},{"start":{"line":146,"column":16},"end":{"line":157,"column":29}}],"line":145},"5":{"loc":{"start":{"line":159,"column":15},"end":{"line":181,"column":15}},"type":"binary-expr","locations":[{"start":{"line":159,"column":15},"end":{"line":159,"column":59}},{"start":{"line":160,"column":16},"end":{"line":180,"column":29}}],"line":159}},"s":{"0":2,"1":54,"2":53,"3":54,"4":0,"5":0,"6":0,"7":54,"8":1,"9":1,"10":54,"11":0,"12":0,"13":54,"14":0,"15":0,"16":0,"17":54,"18":0,"19":0,"20":0,"21":54,"22":0,"23":1,"24":0,"25":81,"26":0,"27":2,"28":0,"29":1,"30":0},"f":{"0":54,"1":53,"2":0,"3":1,"4":0,"5":0,"6":0,"7":0,"8":1,"9":0,"10":81,"11":0,"12":2,"13":0,"14":1,"15":0},"b":{"0":[0,0],"1":[0,0],"2":[13,41],"3":[54,27],"4":[54,27],"5":[54,27]},"_coverageSchema":"1a1c01bbd47fc00a2c39e90264f33305004495a9","hash":"f4759ebf18f74b4e8198cae0bf28953d94d1b761"}
,"/Users/donavandaniels/quizzer_start/src/quizzer/QuizCard.tsx": {"path":"/Users/donavandaniels/quizzer_start/src/quizzer/QuizCard.tsx","statementMap":{"0":{"start":{"line":10,"column":24},"end":{"line":34,"column":1}},"1":{"start":{"line":11,"column":28},"end":{"line":13,"column":3}},"2":{"start":{"line":12,"column":30},"end":{"line":12,"column":80}},"3":{"start":{"line":15,"column":2},"end":{"line":33,"column":4}},"4":{"start":{"line":21,"column":12},"end":{"line":21,"column":33}}},"fnMap":{"0":{"name":"(anonymous_0)","decl":{"start":{"line":10,"column":24},"end":{"line":10,"column":25}},"loc":{"start":{"line":10,"column":66},"end":{"line":34,"column":1}},"line":10},"1":{"name":"(anonymous_1)","decl":{"start":{"line":12,"column":4},"end":{"line":12,"column":5}},"loc":{"start":{"line":12,"column":30},"end":{"line":12,"column":80}},"line":12},"2":{"name":"(anonymous_2)","decl":{"start":{"line":20,"column":19},"end":{"line":20,"column":20}},"loc":{"start":{"line":20,"column":25},"end":{"line":22,"column":11}},"line":20}},"branchMap":{"0":{"loc":{"start":{"line":12,"column":30},"end":{"line":12,"column":80}},"type":"binary-expr","locations":[{"start":{"line":12,"column":31},"end":{"line":12,"column":45}},{"start":{"line":12,"column":49},"end":{"line":12,"column":60}},{"start":{"line":12,"column":65},"end":{"line":12,"column":80}}],"line":12},"1":{"loc":{"start":{"line":28,"column":11},"end":{"line":28,"column":52}},"type":"cond-expr","locations":[{"start":{"line":28,"column":44},"end":{"line":28,"column":47}},{"start":{"line":28,"column":50},"end":{"line":28,"column":52}}],"line":28}},"s":{"0":2,"1":90,"2":356,"3":90,"4":10},"f":{"0":90,"1":356,"2":10},"b":{"0":[356,302,160],"1":[90,0]},"_coverageSchema":"1a1c01bbd47fc00a2c39e90264f33305004495a9","hash":"3253581d4cb0aa2430dc18adf4b7fda6c66b2759"}
,"/Users/donavandaniels/quizzer_start/src/quizzer/QuizEdit.tsx": {"path":"/Users/donavandaniels/quizzer_start/src/quizzer/QuizEdit.tsx","statementMap":{"0":{"start":{"line":16,"column":24},"end":{"line":170,"column":1}},"1":{"start":{"line":23,"column":32},"end":{"line":23,"column":59}},"2":{"start":{"line":25,"column":23},"end":{"line":32,"column":3}},"3":{"start":{"line":26,"column":4},"end":{"line":31,"column":7}},"4":{"start":{"line":29,"column":8},"end":{"line":29,"column":67}},"5":{"start":{"line":34,"column":25},"end":{"line":41,"column":3}},"6":{"start":{"line":35,"column":4},"end":{"line":40,"column":7}},"7":{"start":{"line":38,"column":45},"end":{"line":38,"column":75}},"8":{"start":{"line":43,"column":22},"end":{"line":45,"column":3}},"9":{"start":{"line":44,"column":4},"end":{"line":44,"column":38}},"10":{"start":{"line":47,"column":23},"end":{"line":57,"column":3}},"11":{"start":{"line":48,"column":4},"end":{"line":48,"column":31}},"12":{"start":{"line":49,"column":23},"end":{"line":49,"column":56}},"13":{"start":{"line":50,"column":23},"end":{"line":50,"column":56}},"14":{"start":{"line":51,"column":4},"end":{"line":51,"column":53}},"15":{"start":{"line":52,"column":4},"end":{"line":52,"column":53}},"16":{"start":{"line":53,"column":4},"end":{"line":56,"column":7}},"17":{"start":{"line":59,"column":2},"end":{"line":169,"column":4}},"18":{"start":{"line":69,"column":18},"end":{"line":72,"column":20}},"19":{"start":{"line":84,"column":16},"end":{"line":87,"column":19}},"20":{"start":{"line":97,"column":14},"end":{"line":97,"column":62}},"21":{"start":{"line":105,"column":10},"end":{"line":113,"column":26}},"22":{"start":{"line":121,"column":12},"end":{"line":136,"column":15}},"23":{"start":{"line":147,"column":16},"end":{"line":147,"column":30}},"24":{"start":{"line":148,"column":16},"end":{"line":148,"column":29}},"25":{"start":{"line":160,"column":14},"end":{"line":160,"column":34}},"26":{"start":{"line":161,"column":14},"end":{"line":161,"column":26}}},"fnMap":{"0":{"name":"(anonymous_0)","decl":{"start":{"line":16,"column":24},"end":{"line":16,"column":25}},"loc":{"start":{"line":22,"column":21},"end":{"line":170,"column":1}},"line":22},"1":{"name":"(anonymous_1)","decl":{"start":{"line":25,"column":23},"end":{"line":25,"column":24}},"loc":{"start":{"line":25,"column":70},"end":{"line":32,"column":3}},"line":25},"2":{"name":"(anonymous_2)","decl":{"start":{"line":28,"column":45},"end":{"line":28,"column":46}},"loc":{"start":{"line":29,"column":8},"end":{"line":29,"column":67}},"line":29},"3":{"name":"(anonymous_3)","decl":{"start":{"line":34,"column":25},"end":{"line":34,"column":26}},"loc":{"start":{"line":34,"column":49},"end":{"line":41,"column":3}},"line":34},"4":{"name":"(anonymous_4)","decl":{"start":{"line":38,"column":8},"end":{"line":38,"column":9}},"loc":{"start":{"line":38,"column":45},"end":{"line":38,"column":75}},"line":38},"5":{"name":"(anonymous_5)","decl":{"start":{"line":43,"column":22},"end":{"line":43,"column":23}},"loc":{"start":{"line":43,"column":28},"end":{"line":45,"column":3}},"line":43},"6":{"name":"(anonymous_6)","decl":{"start":{"line":47,"column":23},"end":{"line":47,"column":24}},"loc":{"start":{"line":47,"column":55},"end":{"line":57,"column":3}},"line":47},"7":{"name":"(anonymous_7)","decl":{"start":{"line":68,"column":26},"end":{"line":68,"column":27}},"loc":{"start":{"line":69,"column":18},"end":{"line":72,"column":20}},"line":69},"8":{"name":"(anonymous_8)","decl":{"start":{"line":83,"column":24},"end":{"line":83,"column":25}},"loc":{"start":{"line":83,"column":68},"end":{"line":88,"column":15}},"line":83},"9":{"name":"(anonymous_9)","decl":{"start":{"line":96,"column":22},"end":{"line":96,"column":23}},"loc":{"start":{"line":97,"column":14},"end":{"line":97,"column":62}},"line":97},"10":{"name":"(anonymous_10)","decl":{"start":{"line":104,"column":34},"end":{"line":104,"column":35}},"loc":{"start":{"line":105,"column":10},"end":{"line":113,"column":26}},"line":105},"11":{"name":"(anonymous_11)","decl":{"start":{"line":120,"column":19},"end":{"line":120,"column":20}},"loc":{"start":{"line":120,"column":25},"end":{"line":137,"column":11}},"line":120},"12":{"name":"(anonymous_12)","decl":{"start":{"line":146,"column":23},"end":{"line":146,"column":24}},"loc":{"start":{"line":146,"column":29},"end":{"line":149,"column":15}},"line":146},"13":{"name":"(anonymous_13)","decl":{"start":{"line":159,"column":21},"end":{"line":159,"column":22}},"loc":{"start":{"line":159,"column":27},"end":{"line":162,"column":13}},"line":159}},"branchMap":{"0":{"loc":{"start":{"line":29,"column":8},"end":{"line":29,"column":67}},"type":"cond-expr","locations":[{"start":{"line":29,"column":41},"end":{"line":29,"column":52}},{"start":{"line":29,"column":55},"end":{"line":29,"column":67}}],"line":29}},"s":{"0":2,"1":13,"2":13,"3":2,"4":8,"5":13,"6":0,"7":0,"8":13,"9":5,"10":13,"11":2,"12":2,"13":2,"14":2,"15":2,"16":2,"17":13,"18":0,"19":2,"20":0,"21":54,"22":1,"23":5,"24":5,"25":1,"26":1},"f":{"0":13,"1":2,"2":8,"3":0,"4":0,"5":5,"6":2,"7":0,"8":2,"9":0,"10":54,"11":1,"12":5,"13":1},"b":{"0":[2,6]},"_coverageSchema":"1a1c01bbd47fc00a2c39e90264f33305004495a9","hash":"b5db643a800f640aee0ba73fb7246208e59ba174"}
,"/Users/donavandaniels/quizzer_start/src/quizzer/QuizExpanded.tsx": {"path":"/Users/donavandaniels/quizzer_start/src/quizzer/QuizExpanded.tsx","statementMap":{"0":{"start":{"line":15,"column":28},"end":{"line":121,"column":1}},"1":{"start":{"line":21,"column":28},"end":{"line":23,"column":3}},"2":{"start":{"line":22,"column":30},"end":{"line":22,"column":80}},"3":{"start":{"line":25,"column":18},"end":{"line":25,"column":37}},"4":{"start":{"line":26,"column":36},"end":{"line":28,"column":3}},"5":{"start":{"line":30,"column":31},"end":{"line":34,"column":3}},"6":{"start":{"line":31,"column":25},"end":{"line":31,"column":39}},"7":{"start":{"line":32,"column":4},"end":{"line":32,"column":40}},"8":{"start":{"line":33,"column":4},"end":{"line":33,"column":31}},"9":{"start":{"line":36,"column":22},"end":{"line":39,"column":3}},"10":{"start":{"line":37,"column":43},"end":{"line":37,"column":58}},"11":{"start":{"line":41,"column":20},"end":{"line":43,"column":3}},"12":{"start":{"line":42,"column":4},"end":{"line":42,"column":37}},"13":{"start":{"line":42,"column":22},"end":{"line":42,"column":35}},"14":{"start":{"line":45,"column":16},"end":{"line":55,"column":3}},"15":{"start":{"line":46,"column":4},"end":{"line":46,"column":54}},"16":{"start":{"line":47,"column":4},"end":{"line":52,"column":7}},"17":{"start":{"line":50,"column":36},"end":{"line":50,"column":60}},"18":{"start":{"line":54,"column":4},"end":{"line":54,"column":10}},"19":{"start":{"line":57,"column":26},"end":{"line":66,"column":3}},"20":{"start":{"line":58,"column":4},"end":{"line":65,"column":7}},"21":{"start":{"line":61,"column":8},"end":{"line":63,"column":24}},"22":{"start":{"line":68,"column":2},"end":{"line":120,"column":4}},"23":{"start":{"line":83,"column":14},"end":{"line":83,"column":22}},"24":{"start":{"line":84,"column":14},"end":{"line":84,"column":27}},"25":{"start":{"line":100,"column":8},"end":{"line":108,"column":24}}},"fnMap":{"0":{"name":"(anonymous_0)","decl":{"start":{"line":15,"column":28},"end":{"line":15,"column":29}},"loc":{"start":{"line":20,"column":25},"end":{"line":121,"column":1}},"line":20},"1":{"name":"(anonymous_1)","decl":{"start":{"line":22,"column":4},"end":{"line":22,"column":5}},"loc":{"start":{"line":22,"column":30},"end":{"line":22,"column":80}},"line":22},"2":{"name":"(anonymous_2)","decl":{"start":{"line":30,"column":31},"end":{"line":30,"column":32}},"loc":{"start":{"line":30,"column":50},"end":{"line":34,"column":3}},"line":30},"3":{"name":"(anonymous_3)","decl":{"start":{"line":37,"column":4},"end":{"line":37,"column":5}},"loc":{"start":{"line":37,"column":43},"end":{"line":37,"column":58}},"line":37},"4":{"name":"(anonymous_4)","decl":{"start":{"line":41,"column":20},"end":{"line":41,"column":21}},"loc":{"start":{"line":41,"column":35},"end":{"line":43,"column":3}},"line":41},"5":{"name":"(anonymous_5)","decl":{"start":{"line":42,"column":7},"end":{"line":42,"column":8}},"loc":{"start":{"line":42,"column":22},"end":{"line":42,"column":35}},"line":42},"6":{"name":"(anonymous_6)","decl":{"start":{"line":45,"column":16},"end":{"line":45,"column":17}},"loc":{"start":{"line":45,"column":22},"end":{"line":55,"column":3}},"line":45},"7":{"name":"(anonymous_7)","decl":{"start":{"line":50,"column":8},"end":{"line":50,"column":9}},"loc":{"start":{"line":50,"column":36},"end":{"line":50,"column":60}},"line":50},"8":{"name":"(anonymous_8)","decl":{"start":{"line":57,"column":26},"end":{"line":57,"column":27}},"loc":{"start":{"line":57,"column":63},"end":{"line":66,"column":3}},"line":57},"9":{"name":"(anonymous_9)","decl":{"start":{"line":60,"column":42},"end":{"line":60,"column":43}},"loc":{"start":{"line":61,"column":8},"end":{"line":63,"column":24}},"line":61},"10":{"name":"(anonymous_10)","decl":{"start":{"line":82,"column":21},"end":{"line":82,"column":22}},"loc":{"start":{"line":82,"column":27},"end":{"line":85,"column":13}},"line":82},"11":{"name":"(anonymous_11)","decl":{"start":{"line":99,"column":29},"end":{"line":99,"column":30}},"loc":{"start":{"line":100,"column":8},"end":{"line":108,"column":24}},"line":100}},"branchMap":{"0":{"loc":{"start":{"line":22,"column":30},"end":{"line":22,"column":80}},"type":"binary-expr","locations":[{"start":{"line":22,"column":31},"end":{"line":22,"column":45}},{"start":{"line":22,"column":49},"end":{"line":22,"column":60}},{"start":{"line":22,"column":65},"end":{"line":22,"column":80}}],"line":22},"1":{"loc":{"start":{"line":61,"column":8},"end":{"line":63,"column":24}},"type":"cond-expr","locations":[{"start":{"line":62,"column":12},"end":{"line":62,"column":48}},{"start":{"line":63,"column":12},"end":{"line":63,"column":24}}],"line":61},"2":{"loc":{"start":{"line":75,"column":13},"end":{"line":75,"column":54}},"type":"cond-expr","locations":[{"start":{"line":75,"column":46},"end":{"line":75,"column":49}},{"start":{"line":75,"column":52},"end":{"line":75,"column":54}}],"line":75}},"s":{"0":2,"1":20,"2":81,"3":20,"4":20,"5":20,"6":2,"7":2,"8":2,"9":20,"10":46,"11":20,"12":2,"13":2,"14":20,"15":7,"16":7,"17":28,"18":7,"19":20,"20":2,"21":8,"22":20,"23":6,"24":6,"25":46},"f":{"0":20,"1":81,"2":2,"3":46,"4":2,"5":2,"6":7,"7":28,"8":2,"9":8,"10":6,"11":46},"b":{"0":[81,72,44],"1":[2,6],"2":[20,0]},"_coverageSchema":"1a1c01bbd47fc00a2c39e90264f33305004495a9","hash":"627425274baa4b568d827242b191ea74615ce10d"}
,"/Users/donavandaniels/quizzer_start/src/quizzer/QuizList.tsx": {"path":"/Users/donavandaniels/quizzer_start/src/quizzer/QuizList.tsx","statementMap":{"0":{"start":{"line":14,"column":24},"end":{"line":63,"column":1}},"1":{"start":{"line":20,"column":36},"end":{"line":20,"column":65}},"2":{"start":{"line":22,"column":25},"end":{"line":24,"column":3}},"3":{"start":{"line":23,"column":4},"end":{"line":23,"column":21}},"4":{"start":{"line":26,"column":24},"end":{"line":28,"column":3}},"5":{"start":{"line":27,"column":4},"end":{"line":27,"column":23}},"6":{"start":{"line":30,"column":2},"end":{"line":62,"column":4}},"7":{"start":{"line":35,"column":12},"end":{"line":39,"column":24}},"8":{"start":{"line":47,"column":8},"end":{"line":59,"column":9}},"9":{"start":{"line":48,"column":10},"end":{"line":56,"column":12}},"10":{"start":{"line":58,"column":10},"end":{"line":58,"column":29}}},"fnMap":{"0":{"name":"(anonymous_0)","decl":{"start":{"line":14,"column":24},"end":{"line":14,"column":25}},"loc":{"start":{"line":19,"column":21},"end":{"line":63,"column":1}},"line":19},"1":{"name":"(anonymous_1)","decl":{"start":{"line":22,"column":25},"end":{"line":22,"column":26}},"loc":{"start":{"line":22,"column":41},"end":{"line":24,"column":3}},"line":22},"2":{"name":"(anonymous_2)","decl":{"start":{"line":26,"column":24},"end":{"line":26,"column":25}},"loc":{"start":{"line":26,"column":30},"end":{"line":28,"column":3}},"line":26},"3":{"name":"(anonymous_3)","decl":{"start":{"line":34,"column":23},"end":{"line":34,"column":24}},"loc":{"start":{"line":35,"column":12},"end":{"line":39,"column":24}},"line":35},"4":{"name":"(anonymous_4)","decl":{"start":{"line":46,"column":19},"end":{"line":46,"column":20}},"loc":{"start":{"line":46,"column":35},"end":{"line":60,"column":7}},"line":46}},"branchMap":{"0":{"loc":{"start":{"line":32,"column":7},"end":{"line":45,"column":7}},"type":"binary-expr","locations":[{"start":{"line":32,"column":7},"end":{"line":32,"column":17}},{"start":{"line":33,"column":8},"end":{"line":44,"column":11}}],"line":32},"1":{"loc":{"start":{"line":47,"column":8},"end":{"line":59,"column":9}},"type":"if","locations":[{"start":{"line":47,"column":8},"end":{"line":59,"column":9}},{"start":{"line":57,"column":15},"end":{"line":59,"column":9}}],"line":47}},"s":{"0":2,"1":42,"2":42,"3":10,"4":42,"5":1,"6":42,"7":90,"8":210,"9":24,"10":186},"f":{"0":42,"1":10,"2":1,"3":90,"4":210},"b":{"0":[42,18],"1":[24,186]},"_coverageSchema":"1a1c01bbd47fc00a2c39e90264f33305004495a9","hash":"2077d080a6f31483190c1191d261eff091a9c3de"}
,"/Users/donavandaniels/quizzer_start/src/quizzer/QuizQuestion.tsx": {"path":"/Users/donavandaniels/quizzer_start/src/quizzer/QuizQuestion.tsx","statementMap":{"0":{"start":{"line":15,"column":28},"end":{"line":90,"column":1}},"1":{"start":{"line":23,"column":22},"end":{"line":27,"column":3}},"2":{"start":{"line":24,"column":4},"end":{"line":26,"column":5}},"3":{"start":{"line":25,"column":6},"end":{"line":25,"column":51}},"4":{"start":{"line":29,"column":28},"end":{"line":34,"column":3}},"5":{"start":{"line":30,"column":4},"end":{"line":30,"column":24}},"6":{"start":{"line":31,"column":4},"end":{"line":33,"column":5}},"7":{"start":{"line":32,"column":6},"end":{"line":32,"column":19}},"8":{"start":{"line":36,"column":2},"end":{"line":89,"column":4}},"9":{"start":{"line":62,"column":16},"end":{"line":70,"column":18}}},"fnMap":{"0":{"name":"(anonymous_0)","decl":{"start":{"line":15,"column":28},"end":{"line":15,"column":29}},"loc":{"start":{"line":22,"column":25},"end":{"line":90,"column":1}},"line":22},"1":{"name":"(anonymous_1)","decl":{"start":{"line":23,"column":22},"end":{"line":23,"column":23}},"loc":{"start":{"line":23,"column":42},"end":{"line":27,"column":3}},"line":23},"2":{"name":"(anonymous_2)","decl":{"start":{"line":29,"column":28},"end":{"line":29,"column":29}},"loc":{"start":{"line":29,"column":34},"end":{"line":34,"column":3}},"line":29},"3":{"name":"(anonymous_3)","decl":{"start":{"line":61,"column":36},"end":{"line":61,"column":37}},"loc":{"start":{"line":62,"column":16},"end":{"line":70,"column":18}},"line":62}},"branchMap":{"0":{"loc":{"start":{"line":24,"column":4},"end":{"line":26,"column":5}},"type":"if","locations":[{"start":{"line":24,"column":4},"end":{"line":26,"column":5}},{"start":{},"end":{}}],"line":24},"1":{"loc":{"start":{"line":31,"column":4},"end":{"line":33,"column":5}},"type":"if","locations":[{"start":{"line":31,"column":4},"end":{"line":33,"column":5}},{"start":{},"end":{}}],"line":31},"2":{"loc":{"start":{"line":45,"column":33},"end":{"line":45,"column":65}},"type":"cond-expr","locations":[{"start":{"line":45,"column":57},"end":{"line":45,"column":60}},{"start":{"line":45,"column":63},"end":{"line":45,"column":65}}],"line":45},"3":{"loc":{"start":{"line":50,"column":11},"end":{"line":58,"column":11}},"type":"binary-expr","locations":[{"start":{"line":50,"column":11},"end":{"line":50,"column":52}},{"start":{"line":51,"column":12},"end":{"line":57,"column":25}}],"line":50},"4":{"loc":{"start":{"line":59,"column":11},"end":{"line":73,"column":11}},"type":"binary-expr","locations":[{"start":{"line":59,"column":11},"end":{"line":59,"column":55}},{"start":{"line":60,"column":12},"end":{"line":72,"column":18}}],"line":59},"5":{"loc":{"start":{"line":75,"column":27},"end":{"line":75,"column":52}},"type":"cond-expr","locations":[{"start":{"line":75,"column":39},"end":{"line":75,"column":41}},{"start":{"line":75,"column":44},"end":{"line":75,"column":52}}],"line":75},"6":{"loc":{"start":{"line":76,"column":15},"end":{"line":76,"column":69}},"type":"cond-expr","locations":[{"start":{"line":76,"column":59},"end":{"line":76,"column":63}},{"start":{"line":76,"column":66},"end":{"line":76,"column":69}}],"line":76}},"s":{"0":2,"1":46,"2":2,"3":2,"4":46,"5":2,"6":2,"7":2,"8":46,"9":72},"f":{"0":46,"1":2,"2":2,"3":72},"b":{"0":[2,0],"1":[2,0],"2":[3,43],"3":[46,22],"4":[46,24],"5":[2,44],"6":[4,42]},"_coverageSchema":"1a1c01bbd47fc00a2c39e90264f33305004495a9","hash":"d9fafbbee2c96679b8273ff1c318d0be84a00151"}
,"/Users/donavandaniels/quizzer_start/src/quizzer/QuizView.tsx": {"path":"/Users/donavandaniels/quizzer_start/src/quizzer/QuizView.tsx","statementMap":{"0":{"start":{"line":13,"column":24},"end":{"line":46,"column":1}},"1":{"start":{"line":19,"column":26},"end":{"line":19,"column":41}},"2":{"start":{"line":21,"column":21},"end":{"line":23,"column":3}},"3":{"start":{"line":22,"column":4},"end":{"line":22,"column":19}},"4":{"start":{"line":25,"column":2},"end":{"line":45,"column":4}}},"fnMap":{"0":{"name":"(anonymous_0)","decl":{"start":{"line":13,"column":24},"end":{"line":13,"column":25}},"loc":{"start":{"line":18,"column":21},"end":{"line":46,"column":1}},"line":18},"1":{"name":"(anonymous_1)","decl":{"start":{"line":21,"column":21},"end":{"line":21,"column":22}},"loc":{"start":{"line":21,"column":27},"end":{"line":23,"column":3}},"line":21}},"branchMap":{"0":{"loc":{"start":{"line":27,"column":7},"end":{"line":35,"column":7}},"type":"binary-expr","locations":[{"start":{"line":27,"column":7},"end":{"line":27,"column":11}},{"start":{"line":28,"column":8},"end":{"line":34,"column":20}}],"line":27},"1":{"loc":{"start":{"line":36,"column":7},"end":{"line":43,"column":7}},"type":"binary-expr","locations":[{"start":{"line":36,"column":7},"end":{"line":36,"column":12}},{"start":{"line":37,"column":8},"end":{"line":42,"column":24}}],"line":36}},"s":{"0":2,"1":24,"2":24,"3":11,"4":24},"f":{"0":24,"1":11},"b":{"0":[24,6],"1":[24,18]},"_coverageSchema":"1a1c01bbd47fc00a2c39e90264f33305004495a9","hash":"afd31450437f946cd85a99437e9e08ea2fdab90c"}
,"/Users/donavandaniels/quizzer_start/src/quizzer/Quizzer.tsx": {"path":"/Users/donavandaniels/quizzer_start/src/quizzer/Quizzer.tsx","statementMap":{"0":{"start":{"line":10,"column":16},"end":{"line":21,"column":1}},"1":{"start":{"line":11,"column":19},"end":{"line":20,"column":3}},"2":{"start":{"line":14,"column":24},"end":{"line":18,"column":7}},"3":{"start":{"line":23,"column":23},"end":{"line":105,"column":1}},"4":{"start":{"line":24,"column":32},"end":{"line":24,"column":57}},"5":{"start":{"line":25,"column":42},"end":{"line":25,"column":57}},"6":{"start":{"line":28,"column":4},"end":{"line":28,"column":77}},"7":{"start":{"line":28,"column":47},"end":{"line":28,"column":73}},"8":{"start":{"line":32,"column":26},"end":{"line":38,"column":5}},"9":{"start":{"line":39,"column":4},"end":{"line":39,"column":38}},"10":{"start":{"line":43,"column":4},"end":{"line":43,"column":67}},"11":{"start":{"line":43,"column":52},"end":{"line":43,"column":64}},"12":{"start":{"line":46,"column":26},"end":{"line":46,"column":53}},"13":{"start":{"line":46,"column":32},"end":{"line":46,"column":53}},"14":{"start":{"line":47,"column":27},"end":{"line":47,"column":55}},"15":{"start":{"line":47,"column":33},"end":{"line":47,"column":55}},"16":{"start":{"line":49,"column":2},"end":{"line":104,"column":4}}},"fnMap":{"0":{"name":"(anonymous_0)","decl":{"start":{"line":11,"column":2},"end":{"line":11,"column":3}},"loc":{"start":{"line":11,"column":19},"end":{"line":20,"column":3}},"line":11},"1":{"name":"(anonymous_1)","decl":{"start":{"line":14,"column":6},"end":{"line":14,"column":7}},"loc":{"start":{"line":14,"column":24},"end":{"line":18,"column":7}},"line":14},"2":{"name":"(anonymous_2)","decl":{"start":{"line":23,"column":23},"end":{"line":23,"column":24}},"loc":{"start":{"line":23,"column":29},"end":{"line":105,"column":1}},"line":23},"3":{"name":"editQuiz","decl":{"start":{"line":27,"column":11},"end":{"line":27,"column":19}},"loc":{"start":{"line":27,"column":48},"end":{"line":29,"column":3}},"line":27},"4":{"name":"(anonymous_4)","decl":{"start":{"line":28,"column":27},"end":{"line":28,"column":28}},"loc":{"start":{"line":28,"column":47},"end":{"line":28,"column":73}},"line":28},"5":{"name":"addQuiz","decl":{"start":{"line":31,"column":11},"end":{"line":31,"column":18}},"loc":{"start":{"line":31,"column":48},"end":{"line":40,"column":3}},"line":31},"6":{"name":"deleteQuiz","decl":{"start":{"line":42,"column":11},"end":{"line":42,"column":21}},"loc":{"start":{"line":42,"column":35},"end":{"line":44,"column":3}},"line":42},"7":{"name":"(anonymous_7)","decl":{"start":{"line":43,"column":30},"end":{"line":43,"column":31}},"loc":{"start":{"line":43,"column":52},"end":{"line":43,"column":64}},"line":43},"8":{"name":"(anonymous_8)","decl":{"start":{"line":46,"column":26},"end":{"line":46,"column":27}},"loc":{"start":{"line":46,"column":32},"end":{"line":46,"column":53}},"line":46},"9":{"name":"(anonymous_9)","decl":{"start":{"line":47,"column":27},"end":{"line":47,"column":28}},"loc":{"start":{"line":47,"column":33},"end":{"line":47,"column":55}},"line":47}},"branchMap":{"0":{"loc":{"start":{"line":28,"column":47},"end":{"line":28,"column":73}},"type":"cond-expr","locations":[{"start":{"line":28,"column":62},"end":{"line":28,"column":69}},{"start":{"line":28,"column":72},"end":{"line":28,"column":73}}],"line":28}},"s":{"0":2,"1":10,"2":40,"3":2,"4":34,"5":32,"6":14,"7":70,"8":1,"9":1,"10":1,"11":5,"12":32,"13":1,"14":32,"15":1,"16":32},"f":{"0":10,"1":40,"2":34,"3":14,"4":70,"5":1,"6":1,"7":5,"8":1,"9":1},"b":{"0":[14,56]},"_coverageSchema":"1a1c01bbd47fc00a2c39e90264f33305004495a9","hash":"f045f4caeeb85b588cb246a92ffa513810fa029c"}
}
