TN:
SF:src/App.tsx
FN:7,App
FN:15,(anonymous_1)
FNF:2
FNH:1
FNDA:2,App
FNDA:0,(anonymous_1)
DA:8,2
DA:10,1
DA:16,0
LF:3
LH:2
BRDA:19,0,0,1
BRDA:19,0,1,0
BRDA:22,1,0,1
BRDA:22,1,1,0
BRF:4
BRH:2
end_of_record
TN:
SF:src/interfaces/question.ts
FNF:0
FNH:0
LF:0
LH:0
BRF:0
BRH:0
end_of_record
TN:
SF:src/interfaces/quiz.ts
FNF:0
FNH:0
LF:0
LH:0
BRF:0
BRH:0
end_of_record
TN:
SF:src/quizzer/AddQuizModal.tsx
FN:9,(anonymous_0)
FN:17,(anonymous_1)
FN:35,(anonymous_2)
FN:44,(anonymous_3)
FN:53,(anonymous_4)
FNF:5
FNH:2
FNDA:32,(anonymous_0)
FNDA:1,(anonymous_1)
FNDA:0,(anonymous_2)
FNDA:0,(anonymous_3)
FNDA:0,(anonymous_4)
DA:9,2
DA:14,32
DA:15,32
DA:17,32
DA:18,1
DA:19,1
DA:20,1
DA:21,1
DA:24,32
DA:36,0
DA:45,0
DA:54,0
DA:55,0
DA:56,0
LF:14
LH:9
BRF:0
BRH:0
end_of_record
TN:
SF:src/quizzer/QuestionEdit.tsx
FN:15,(anonymous_0)
FN:24,(anonymous_1)
FN:27,(anonymous_2)
FN:38,(anonymous_3)
FN:48,(anonymous_4)
FN:53,(anonymous_5)
FN:66,(anonymous_6)
FN:86,(anonymous_7)
FN:114,(anonymous_8)
FN:150,(anonymous_9)
FN:162,(anonymous_10)
FN:174,(anonymous_11)
FN:188,(anonymous_12)
FN:197,(anonymous_13)
FN:213,(anonymous_14)
FN:222,(anonymous_15)
FNF:16
FNH:7
FNDA:54,(anonymous_0)
FNDA:53,(anonymous_1)
FNDA:0,(anonymous_2)
FNDA:1,(anonymous_3)
FNDA:0,(anonymous_4)
FNDA:0,(anonymous_5)
FNDA:0,(anonymous_6)
FNDA:0,(anonymous_7)
FNDA:1,(anonymous_8)
FNDA:0,(anonymous_9)
FNDA:81,(anonymous_10)
FNDA:0,(anonymous_11)
FNDA:2,(anonymous_12)
FNDA:0,(anonymous_13)
FNDA:1,(anonymous_14)
FNDA:0,(anonymous_15)
DA:15,2
DA:23,54
DA:24,53
DA:27,54
DA:28,0
DA:29,0
DA:30,0
DA:38,54
DA:39,1
DA:40,1
DA:48,54
DA:49,0
DA:50,0
DA:53,54
DA:57,0
DA:58,0
DA:59,0
DA:66,54
DA:67,0
DA:68,0
DA:69,0
DA:75,54
DA:87,0
DA:114,1
DA:151,0
DA:163,81
DA:175,0
DA:189,2
DA:198,0
DA:214,1
DA:223,0
LF:31
LH:15
BRDA:29,0,0,0
BRDA:29,0,1,0
BRDA:62,1,0,0
BRDA:62,1,1,0
BRDA:103,2,0,13
BRDA:103,2,1,41
BRDA:130,3,0,54
BRDA:130,3,1,27
BRDA:145,4,0,54
BRDA:145,4,1,27
BRDA:159,5,0,54
BRDA:159,5,1,27
BRF:12
BRH:8
end_of_record
TN:
SF:src/quizzer/QuizCard.tsx
FN:10,(anonymous_0)
FN:12,(anonymous_1)
FN:20,(anonymous_2)
FNF:3
FNH:3
FNDA:90,(anonymous_0)
FNDA:356,(anonymous_1)
FNDA:10,(anonymous_2)
DA:10,2
DA:11,90
DA:12,356
DA:15,90
DA:21,10
LF:5
LH:5
BRDA:12,0,0,356
BRDA:12,0,1,302
BRDA:12,0,2,160
BRDA:28,1,0,90
BRDA:28,1,1,0
BRF:5
BRH:4
end_of_record
TN:
SF:src/quizzer/QuizEdit.tsx
FN:16,(anonymous_0)
FN:25,(anonymous_1)
FN:28,(anonymous_2)
FN:34,(anonymous_3)
FN:38,(anonymous_4)
FN:43,(anonymous_5)
FN:47,(anonymous_6)
FN:68,(anonymous_7)
FN:83,(anonymous_8)
FN:96,(anonymous_9)
FN:104,(anonymous_10)
FN:120,(anonymous_11)
FN:146,(anonymous_12)
FN:159,(anonymous_13)
FNF:14
FNH:10
FNDA:13,(anonymous_0)
FNDA:2,(anonymous_1)
FNDA:8,(anonymous_2)
FNDA:0,(anonymous_3)
FNDA:0,(anonymous_4)
FNDA:5,(anonymous_5)
FNDA:2,(anonymous_6)
FNDA:0,(anonymous_7)
FNDA:2,(anonymous_8)
FNDA:0,(anonymous_9)
FNDA:54,(anonymous_10)
FNDA:1,(anonymous_11)
FNDA:5,(anonymous_12)
FNDA:1,(anonymous_13)
DA:16,2
DA:23,13
DA:25,13
DA:26,2
DA:29,8
DA:34,13
DA:35,0
DA:38,0
DA:43,13
DA:44,5
DA:47,13
DA:48,2
DA:49,2
DA:50,2
DA:51,2
DA:52,2
DA:53,2
DA:59,13
DA:69,0
DA:84,2
DA:97,0
DA:105,54
DA:121,1
DA:147,5
DA:148,5
DA:160,1
DA:161,1
LF:27
LH:23
BRDA:29,0,0,2
BRDA:29,0,1,6
BRF:2
BRH:2
end_of_record
TN:
SF:src/quizzer/QuizExpanded.tsx
FN:15,(anonymous_0)
FN:22,(anonymous_1)
FN:30,(anonymous_2)
FN:37,(anonymous_3)
FN:41,(anonymous_4)
FN:42,(anonymous_5)
FN:45,(anonymous_6)
FN:50,(anonymous_7)
FN:57,(anonymous_8)
FN:60,(anonymous_9)
FN:82,(anonymous_10)
FN:99,(anonymous_11)
FNF:12
FNH:12
FNDA:20,(anonymous_0)
FNDA:81,(anonymous_1)
FNDA:2,(anonymous_2)
FNDA:46,(anonymous_3)
FNDA:2,(anonymous_4)
FNDA:2,(anonymous_5)
FNDA:7,(anonymous_6)
FNDA:28,(anonymous_7)
FNDA:2,(anonymous_8)
FNDA:8,(anonymous_9)
FNDA:6,(anonymous_10)
FNDA:46,(anonymous_11)
DA:15,2
DA:21,20
DA:22,81
DA:25,20
DA:26,20
DA:30,20
DA:31,2
DA:32,2
DA:33,2
DA:36,20
DA:37,46
DA:41,20
DA:42,2
DA:45,20
DA:46,7
DA:47,7
DA:50,28
DA:54,7
DA:57,20
DA:58,2
DA:61,8
DA:68,20
DA:83,6
DA:84,6
DA:100,46
LF:25
LH:25
BRDA:22,0,0,81
BRDA:22,0,1,72
BRDA:22,0,2,44
BRDA:61,1,0,2
BRDA:61,1,1,6
BRDA:75,2,0,20
BRDA:75,2,1,0
BRF:7
BRH:6
end_of_record
TN:
SF:src/quizzer/QuizList.tsx
FN:14,(anonymous_0)
FN:22,(anonymous_1)
FN:26,(anonymous_2)
FN:34,(anonymous_3)
FN:46,(anonymous_4)
FNF:5
FNH:5
FNDA:42,(anonymous_0)
FNDA:10,(anonymous_1)
FNDA:1,(anonymous_2)
FNDA:90,(anonymous_3)
FNDA:210,(anonymous_4)
DA:14,2
DA:20,42
DA:22,42
DA:23,10
DA:26,42
DA:27,1
DA:30,42
DA:35,90
DA:47,210
DA:48,24
DA:58,186
LF:11
LH:11
BRDA:32,0,0,42
BRDA:32,0,1,18
BRDA:47,1,0,24
BRDA:47,1,1,186
BRF:4
BRH:4
end_of_record
TN:
SF:src/quizzer/QuizQuestion.tsx
FN:15,(anonymous_0)
FN:23,(anonymous_1)
FN:29,(anonymous_2)
FN:61,(anonymous_3)
FNF:4
FNH:4
FNDA:46,(anonymous_0)
FNDA:2,(anonymous_1)
FNDA:2,(anonymous_2)
FNDA:72,(anonymous_3)
DA:15,2
DA:23,46
DA:24,2
DA:25,2
DA:29,46
DA:30,2
DA:31,2
DA:32,2
DA:36,46
DA:62,72
LF:10
LH:10
BRDA:24,0,0,2
BRDA:24,0,1,0
BRDA:31,1,0,2
BRDA:31,1,1,0
BRDA:45,2,0,3
BRDA:45,2,1,43
BRDA:50,3,0,46
BRDA:50,3,1,22
BRDA:59,4,0,46
BRDA:59,4,1,24
BRDA:75,5,0,2
BRDA:75,5,1,44
BRDA:76,6,0,4
BRDA:76,6,1,42
BRF:14
BRH:12
end_of_record
TN:
SF:src/quizzer/QuizView.tsx
FN:13,(anonymous_0)
FN:21,(anonymous_1)
FNF:2
FNH:2
FNDA:24,(anonymous_0)
FNDA:11,(anonymous_1)
DA:13,2
DA:19,24
DA:21,24
DA:22,11
DA:25,24
LF:5
LH:5
BRDA:27,0,0,24
BRDA:27,0,1,6
BRDA:36,1,0,24
BRDA:36,1,1,18
BRF:4
BRH:4
end_of_record
TN:
SF:src/quizzer/Quizzer.tsx
FN:11,(anonymous_0)
FN:14,(anonymous_1)
FN:23,(anonymous_2)
FN:27,editQuiz
FN:28,(anonymous_4)
FN:31,addQuiz
FN:42,deleteQuiz
FN:43,(anonymous_7)
FN:46,(anonymous_8)
FN:47,(anonymous_9)
FNF:10
FNH:10
FNDA:10,(anonymous_0)
FNDA:40,(anonymous_1)
FNDA:34,(anonymous_2)
FNDA:14,editQuiz
FNDA:70,(anonymous_4)
FNDA:1,addQuiz
FNDA:1,deleteQuiz
FNDA:5,(anonymous_7)
FNDA:1,(anonymous_8)
FNDA:1,(anonymous_9)
DA:10,2
DA:11,10
DA:14,40
DA:23,2
DA:24,34
DA:25,32
DA:28,70
DA:32,1
DA:39,1
DA:43,5
DA:46,32
DA:47,32
DA:49,32
LF:13
LH:13
BRDA:28,0,0,14
BRDA:28,0,1,56
BRF:2
BRH:2
end_of_record
